2024-09-18 13:43:00 - HV000001: Hibernate Validator 8.0.1.Final
2024-09-18 13:43:00 - Starting GatewayApplication using Java 17.0.4.1 with PID 6520 (D:\FPT\New Data FPT\FPT\Project FinalTerm\FinalProjectGroup\FinalProjectGroup2\backend\gateway\target\classes started by Chandra H in D:\FPT\New Data FPT\FPT\Project FinalTerm\FinalProjectGroup\FinalProjectGroup2\backend)
2024-09-18 13:43:00 - No active profile set, falling back to 1 default profile: "default"
2024-09-18 13:43:00 - Devtools property defaults active! Set 'spring.devtools.add-properties' to 'false' to disable
2024-09-18 13:43:00 - For additional web related logging consider setting the 'logging.level.web' property to 'DEBUG'
2024-09-18 13:43:02 - BeanFactory id=6e257b7a-1b26-3e8f-bb71-e41334476613
2024-09-18 13:43:02 - Bean 'org.springframework.cloud.client.loadbalancer.LoadBalancerAutoConfiguration$DeferringLoadBalancerInterceptorConfig' of type [org.springframework.cloud.client.loadbalancer.LoadBalancerAutoConfiguration$DeferringLoadBalancerInterceptorConfig] is not eligible for getting processed by all BeanPostProcessors (for example: not eligible for auto-proxying). The currently created BeanPostProcessor [lbRestClientPostProcessor] is declared through a non-static factory method on that class; consider declaring it as static instead.
2024-09-18 13:43:02 - Bean 'deferringLoadBalancerInterceptor' of type [org.springframework.cloud.client.loadbalancer.DeferringLoadBalancerInterceptor] is not eligible for getting processed by all BeanPostProcessors (for example: not eligible for auto-proxying). Is this bean getting eagerly injected into a currently created BeanPostProcessor [lbRestClientPostProcessor]? Check the corresponding BeanPostProcessor declaration and its dependencies.
2024-09-18 13:43:02 - Bean 'org.springframework.cloud.client.loadbalancer.reactive.LoadBalancerBeanPostProcessorAutoConfiguration' of type [org.springframework.cloud.client.loadbalancer.reactive.LoadBalancerBeanPostProcessorAutoConfiguration] is not eligible for getting processed by all BeanPostProcessors (for example: not eligible for auto-proxying). The currently created BeanPostProcessor [loadBalancerWebClientBuilderBeanPostProcessor] is declared through a non-static factory method on that class; consider declaring it as static instead.
2024-09-18 13:43:02 - Bean 'org.springframework.cloud.client.loadbalancer.reactive.LoadBalancerBeanPostProcessorAutoConfiguration$ReactorDeferringLoadBalancerFilterConfig' of type [org.springframework.cloud.client.loadbalancer.reactive.LoadBalancerBeanPostProcessorAutoConfiguration$ReactorDeferringLoadBalancerFilterConfig] is not eligible for getting processed by all BeanPostProcessors (for example: not eligible for auto-proxying). Is this bean getting eagerly injected into a currently created BeanPostProcessor [loadBalancerWebClientBuilderBeanPostProcessor]? Check the corresponding BeanPostProcessor declaration and its dependencies.
2024-09-18 13:43:02 - Bean 'reactorDeferringLoadBalancerExchangeFilterFunction' of type [org.springframework.cloud.client.loadbalancer.reactive.DeferringLoadBalancerExchangeFilterFunction] is not eligible for getting processed by all BeanPostProcessors (for example: not eligible for auto-proxying). Is this bean getting eagerly injected into a currently created BeanPostProcessor [loadBalancerWebClientBuilderBeanPostProcessor]? Check the corresponding BeanPostProcessor declaration and its dependencies.
2024-09-18 13:43:04 - Cannot determine local hostname
2024-09-18 13:43:04 - Routes supplied from Gateway Properties: [RouteDefinition{id='auth-service', predicates=[PredicateDefinition{name='Path', args={_genkey_0=/api/v1/auth/**}}], filters=[], uri=lb://auth-service, order=0, metadata={}}, RouteDefinition{id='user-service', predicates=[PredicateDefinition{name='Path', args={_genkey_0=/api/v1/users/**}}], filters=[FilterDefinition{name='JwtAuthenticationFilter', args={}}], uri=lb://user-service, order=0, metadata={}}, RouteDefinition{id='booking-service', predicates=[PredicateDefinition{name='Path', args={_genkey_0=/api/v1/bookings/**}}], filters=[FilterDefinition{name='JwtAuthenticationFilter', args={}}], uri=lb://booking-service, order=0, metadata={}}, RouteDefinition{id='schedule-service', predicates=[PredicateDefinition{name='Path', args={_genkey_0=/api/v1/schedules/**}}], filters=[], uri=lb://schedule, order=0, metadata={}}, RouteDefinition{id='movie-service', predicates=[PredicateDefinition{name='Path', args={_genkey_0=/api/v1/movies/**}}], filters=[], uri=lb://movie, order=0, metadata={}}, RouteDefinition{id='studio-service', predicates=[PredicateDefinition{name='Path', args={_genkey_0=/api/v1/studios/**}}], filters=[], uri=lb://studio, order=0, metadata={}}]
2024-09-18 13:43:04 - Loaded RoutePredicateFactory [After]
2024-09-18 13:43:04 - Loaded RoutePredicateFactory [Before]
2024-09-18 13:43:04 - Loaded RoutePredicateFactory [Between]
2024-09-18 13:43:04 - Loaded RoutePredicateFactory [Cookie]
2024-09-18 13:43:04 - Loaded RoutePredicateFactory [Header]
2024-09-18 13:43:04 - Loaded RoutePredicateFactory [Host]
2024-09-18 13:43:04 - Loaded RoutePredicateFactory [Method]
2024-09-18 13:43:04 - Loaded RoutePredicateFactory [Path]
2024-09-18 13:43:04 - Loaded RoutePredicateFactory [Query]
2024-09-18 13:43:04 - Loaded RoutePredicateFactory [ReadBody]
2024-09-18 13:43:04 - Loaded RoutePredicateFactory [RemoteAddr]
2024-09-18 13:43:04 - Loaded RoutePredicateFactory [XForwardedRemoteAddr]
2024-09-18 13:43:04 - Loaded RoutePredicateFactory [Weight]
2024-09-18 13:43:04 - Loaded RoutePredicateFactory [CloudFoundryRouteService]
2024-09-18 13:43:04 - Patterns [/webjars/**, /**] in 'resourceHandlerMapping'
2024-09-18 13:43:05 - Cannot determine local hostname
2024-09-18 13:43:06 - Cannot determine local hostname
2024-09-18 13:43:06 - Exposing 18 endpoints beneath base path '/actuator'
2024-09-18 13:43:06 - ControllerAdvice beans: none
2024-09-18 13:43:06 - enableLoggingRequestDetails='false': form data and headers will be masked to prevent unsafe logging of potentially sensitive data
2024-09-18 13:43:07 - LiveReload server is running on port 35729
2024-09-18 13:43:07 - Eureka HTTP Client uses RestTemplate.
2024-09-18 13:43:07 - Spring Cloud LoadBalancer is currently working with the default cache. While this cache implementation is useful for development and tests, it's recommended to use Caffeine cache in production.You can switch to using Caffeine cache, by adding it and org.springframework.cache.caffeine.CaffeineCacheManager to the classpath.
2024-09-18 13:43:07 - Setting initial instance status as: STARTING
2024-09-18 13:43:07 - Initializing Eureka in region us-east-1
2024-09-18 13:43:07 - Resolving eureka endpoints via configuration
2024-09-18 13:43:07 - Disable delta property : false
2024-09-18 13:43:07 - Single vip registry refresh property : null
2024-09-18 13:43:07 - Force full registry fetch : false
2024-09-18 13:43:07 - Application is null : false
2024-09-18 13:43:07 - Registered Applications size is zero : true
2024-09-18 13:43:07 - Application version is -1: true
2024-09-18 13:43:07 - Getting all instance registry info from the eureka server
2024-09-18 13:43:07 - HTTP GET http://localhost:8761/eureka/apps/
2024-09-18 13:43:07 - Accept=[application/json, application/*+json]
2024-09-18 13:43:07 - Response 200 OK
2024-09-18 13:43:07 - Reading to [org.springframework.cloud.netflix.eureka.http.EurekaApplications]
2024-09-18 13:43:08 - The response status is 200
2024-09-18 13:43:08 - Starting heartbeat executor: renew interval is: 30
2024-09-18 13:43:08 - InstanceInfoReplicator onDemand update allowed rate per min is 4
2024-09-18 13:43:08 - Discovery Client initialized at timestamp 1726641788010 with initial instances count: 0
2024-09-18 13:43:08 - Registering application GATEWAY with eureka with status UP
2024-09-18 13:43:08 - Saw local status change event StatusChangeEvent [timestamp=1726641788016, current=UP, previous=STARTING]
2024-09-18 13:43:08 - DiscoveryClient_GATEWAY/localhost:gateway:8080: registering service...
2024-09-18 13:43:08 - HTTP POST http://localhost:8761/eureka/apps/GATEWAY
2024-09-18 13:43:08 - Accept=[application/json, application/*+json]
2024-09-18 13:43:08 - RouteDefinition auth-service applying {_genkey_0=/api/v1/auth/**} to Path
2024-09-18 13:43:08 - Writing [InstanceInfo [instanceId = localhost:gateway:8080, appName = GATEWAY, hostName = localhost, status = UP, ipAddr = 26.86.151.172, port = 8080, securePort = 443, dataCenterInfo = com.netflix.appinfo.MyDataCenterInfo@72b70021] as "application/json"
2024-09-18 13:43:08 - RouteDefinition matched: auth-service
2024-09-18 13:43:08 - RouteDefinition user-service applying {_genkey_0=/api/v1/users/**} to Path
2024-09-18 13:43:08 - RouteDefinition user-service applying filter {} to JwtAuthenticationFilter
2024-09-18 13:43:08 - RouteDefinition matched: user-service
2024-09-18 13:43:08 - RouteDefinition booking-service applying {_genkey_0=/api/v1/bookings/**} to Path
2024-09-18 13:43:08 - RouteDefinition booking-service applying filter {} to JwtAuthenticationFilter
2024-09-18 13:43:08 - RouteDefinition matched: booking-service
2024-09-18 13:43:08 - RouteDefinition schedule-service applying {_genkey_0=/api/v1/schedules/**} to Path
2024-09-18 13:43:08 - RouteDefinition matched: schedule-service
2024-09-18 13:43:08 - RouteDefinition movie-service applying {_genkey_0=/api/v1/movies/**} to Path
2024-09-18 13:43:08 - RouteDefinition matched: movie-service
2024-09-18 13:43:08 - RouteDefinition studio-service applying {_genkey_0=/api/v1/studios/**} to Path
2024-09-18 13:43:08 - RouteDefinition matched: studio-service
2024-09-18 13:43:08 - New routes count: 6
2024-09-18 13:43:08 - Response 204 NO_CONTENT
2024-09-18 13:43:08 - DiscoveryClient_GATEWAY/localhost:gateway:8080 - registration status: 204
2024-09-18 13:43:08 - Netty started on port 8080 (http)
2024-09-18 13:43:08 - Updating port to 8080
2024-09-18 13:43:09 - Cannot determine local hostname
2024-09-18 13:43:10 - Cannot determine local hostname
2024-09-18 13:43:10 - RouteDefinition auth-service applying {_genkey_0=/api/v1/auth/**} to Path
2024-09-18 13:43:10 - RouteDefinition matched: auth-service
2024-09-18 13:43:10 - RouteDefinition user-service applying {_genkey_0=/api/v1/users/**} to Path
2024-09-18 13:43:10 - RouteDefinition user-service applying filter {} to JwtAuthenticationFilter
2024-09-18 13:43:10 - RouteDefinition matched: user-service
2024-09-18 13:43:10 - RouteDefinition booking-service applying {_genkey_0=/api/v1/bookings/**} to Path
2024-09-18 13:43:10 - RouteDefinition booking-service applying filter {} to JwtAuthenticationFilter
2024-09-18 13:43:10 - RouteDefinition matched: booking-service
2024-09-18 13:43:10 - RouteDefinition schedule-service applying {_genkey_0=/api/v1/schedules/**} to Path
2024-09-18 13:43:10 - RouteDefinition matched: schedule-service
2024-09-18 13:43:10 - RouteDefinition movie-service applying {_genkey_0=/api/v1/movies/**} to Path
2024-09-18 13:43:10 - RouteDefinition matched: movie-service
2024-09-18 13:43:10 - RouteDefinition studio-service applying {_genkey_0=/api/v1/studios/**} to Path
2024-09-18 13:43:10 - RouteDefinition matched: studio-service
2024-09-18 13:43:10 - New routes count: 6
2024-09-18 13:43:10 - Started GatewayApplication in 11.785 seconds (process running for 12.592)
2024-09-18 13:43:38 - Disable delta property : false
2024-09-18 13:43:38 - Single vip registry refresh property : null
2024-09-18 13:43:38 - Force full registry fetch : false
2024-09-18 13:43:38 - Application is null : false
2024-09-18 13:43:38 - Registered Applications size is zero : true
2024-09-18 13:43:38 - Application version is -1: false
2024-09-18 13:43:38 - Getting all instance registry info from the eureka server
2024-09-18 13:43:38 - HTTP GET http://localhost:8761/eureka/apps/
2024-09-18 13:43:38 - Accept=[application/json, application/*+json]
2024-09-18 13:43:38 - HTTP PUT http://localhost:8761/eureka/apps/GATEWAY/localhost:gateway:8080?status=UP&lastDirtyTimestamp=1726641788016
2024-09-18 13:43:38 - Response 200 OK
2024-09-18 13:43:38 - Reading to [org.springframework.cloud.netflix.eureka.http.EurekaApplications]
2024-09-18 13:43:38 - Accept=[application/json, application/*+json]
2024-09-18 13:43:38 - The response status is 200
2024-09-18 13:43:38 - RouteDefinition auth-service applying {_genkey_0=/api/v1/auth/**} to Path
2024-09-18 13:43:38 - RouteDefinition matched: auth-service
2024-09-18 13:43:38 - RouteDefinition user-service applying {_genkey_0=/api/v1/users/**} to Path
2024-09-18 13:43:38 - RouteDefinition user-service applying filter {} to JwtAuthenticationFilter
2024-09-18 13:43:38 - RouteDefinition matched: user-service
2024-09-18 13:43:38 - RouteDefinition booking-service applying {_genkey_0=/api/v1/bookings/**} to Path
2024-09-18 13:43:38 - RouteDefinition booking-service applying filter {} to JwtAuthenticationFilter
2024-09-18 13:43:38 - RouteDefinition matched: booking-service
2024-09-18 13:43:38 - RouteDefinition schedule-service applying {_genkey_0=/api/v1/schedules/**} to Path
2024-09-18 13:43:38 - RouteDefinition matched: schedule-service
2024-09-18 13:43:38 - RouteDefinition movie-service applying {_genkey_0=/api/v1/movies/**} to Path
2024-09-18 13:43:38 - RouteDefinition matched: movie-service
2024-09-18 13:43:38 - RouteDefinition studio-service applying {_genkey_0=/api/v1/studios/**} to Path
2024-09-18 13:43:38 - RouteDefinition matched: studio-service
2024-09-18 13:43:38 - New routes count: 6
2024-09-18 13:43:38 - Response 200 OK
2024-09-18 13:43:46 - [66096241-1] HTTP POST "/api/v1/auth/login"
2024-09-18 13:43:46 - Created new WebSession.
2024-09-18 13:43:46 - Trying to match using PathMatcherServerWebExchangeMatcher{pattern='/logout', method=POST}
2024-09-18 13:43:46 - Request 'POST /api/v1/auth/login' doesn't match 'POST /logout'
2024-09-18 13:43:46 - No matches found
2024-09-18 13:43:46 - Trying to match using PathMatcherServerWebExchangeMatcher{pattern='/api/v1/auth/register', method=null}
2024-09-18 13:43:46 - Request 'POST /api/v1/auth/login' doesn't match 'null /api/v1/auth/register'
2024-09-18 13:43:46 - Trying to match using PathMatcherServerWebExchangeMatcher{pattern='/api/v1/auth/login', method=null}
2024-09-18 13:43:46 - Checking match of request : '/api/v1/auth/login'; against '/api/v1/auth/login'
2024-09-18 13:43:46 - Trying to match using PathMatcherServerWebExchangeMatcher{pattern='/api/v1/schedules/grouped', method=null}
2024-09-18 13:43:46 - Request 'POST /api/v1/auth/login' doesn't match 'null /api/v1/schedules/grouped'
2024-09-18 13:43:46 - Trying to match using PathMatcherServerWebExchangeMatcher{pattern='/api/v1/schedules/detail/**', method=null}
2024-09-18 13:43:46 - Request 'POST /api/v1/auth/login' doesn't match 'null /api/v1/schedules/detail/**'
2024-09-18 13:43:46 - matched
2024-09-18 13:43:46 - Checking authorization on '/api/v1/auth/login' using org.springframework.security.config.web.server.ServerHttpSecurity$AuthorizeExchangeSpec$Access$$Lambda$833/0x00000008011759a0@6513f600
2024-09-18 13:43:46 - Authorization successful
2024-09-18 13:43:46 - Route matched: auth-service
2024-09-18 13:43:46 - Mapping [Exchange: POST http://localhost:8080/api/v1/auth/login] to Route{id='auth-service', uri=lb://auth-service, order=0, predicate=Paths: [/api/v1/auth/**], match trailing slash: true, gatewayFilters=[], metadata={}}
2024-09-18 13:43:46 - [66096241-1] Mapped to org.springframework.cloud.gateway.handler.FilteringWebHandler@4d35598c
2024-09-18 13:43:46 - Sorted gatewayFilterFactories: [[GatewayFilterAdapter{delegate=org.springframework.cloud.gateway.filter.RemoveCachedBodyFilter@5eb3025a}, order = -2147483648], [GatewayFilterAdapter{delegate=org.springframework.cloud.gateway.filter.AdaptCachedBodyGlobalFilter@6f68c783}, order = -2147482648], [GatewayFilterAdapter{delegate=org.springframework.cloud.gateway.filter.NettyWriteResponseFilter@2585e167}, order = -1], [GatewayFilterAdapter{delegate=org.springframework.cloud.gateway.filter.ForwardPathFilter@138c59bd}, order = 0], [GatewayFilterAdapter{delegate=org.springframework.cloud.gateway.filter.GatewayMetricsFilter@468f675c}, order = 0], [GatewayFilterAdapter{delegate=org.springframework.cloud.gateway.filter.RouteToRequestUrlFilter@2f279a07}, order = 10000], [GatewayFilterAdapter{delegate=org.springframework.cloud.gateway.filter.ReactiveLoadBalancerClientFilter@3fd882b7}, order = 10150], [GatewayFilterAdapter{delegate=org.springframework.cloud.gateway.filter.LoadBalancerServiceInstanceCookieFilter@41961e7d}, order = 10151], [GatewayFilterAdapter{delegate=org.springframework.cloud.gateway.filter.WebsocketRoutingFilter@55eb2844}, order = 2147483646], [GatewayFilterAdapter{delegate=findo.gateway.filter.LoggingGlobalFilter@6f885ce1}, order = 2147483647], [GatewayFilterAdapter{delegate=org.springframework.cloud.gateway.filter.NettyRoutingFilter@847dbda}, order = 2147483647], [GatewayFilterAdapter{delegate=org.springframework.cloud.gateway.filter.ForwardRoutingFilter@19881d32}, order = 2147483647]]
2024-09-18 13:43:46 - RouteDefinition auth-service applying {_genkey_0=/api/v1/auth/**} to Path
2024-09-18 13:43:46 - RouteDefinition matched: auth-service
2024-09-18 13:43:46 - RouteDefinition user-service applying {_genkey_0=/api/v1/users/**} to Path
2024-09-18 13:43:46 - RouteDefinition user-service applying filter {} to JwtAuthenticationFilter
2024-09-18 13:43:46 - RouteDefinition matched: user-service
2024-09-18 13:43:46 - RouteDefinition booking-service applying {_genkey_0=/api/v1/bookings/**} to Path
2024-09-18 13:43:46 - RouteDefinition booking-service applying filter {} to JwtAuthenticationFilter
2024-09-18 13:43:46 - RouteDefinition matched: booking-service
2024-09-18 13:43:46 - RouteDefinition schedule-service applying {_genkey_0=/api/v1/schedules/**} to Path
2024-09-18 13:43:46 - RouteDefinition matched: schedule-service
2024-09-18 13:43:46 - RouteDefinition movie-service applying {_genkey_0=/api/v1/movies/**} to Path
2024-09-18 13:43:46 - RouteDefinition matched: movie-service
2024-09-18 13:43:46 - RouteDefinition studio-service applying {_genkey_0=/api/v1/studios/**} to Path
2024-09-18 13:43:46 - RouteDefinition matched: studio-service
2024-09-18 13:43:46 - New routes count: 6
2024-09-18 13:43:46 - Request: POST http://localhost:8080/api/v1/auth/login from IP: /[0:0:0:0:0:0:0:1]:57109
2024-09-18 13:43:46 - Will instrument the HTTP request headers [Content-Type:"application/json", User-Agent:"PostmanRuntime/7.42.0", Accept:"*/*", Cache-Control:"no-cache", Postman-Token:"0e0ea8e2-6984-4035-8a3e-18cbc619f9e7", Host:"localhost:8080", Accept-Encoding:"gzip, deflate, br", Content-Length:"68", Forwarded:"proto=http;host="localhost:8080";for="[0:0:0:0:0:0:0:1]:57109"", X-Forwarded-For:"0:0:0:0:0:0:0:1", X-Forwarded-Proto:"http", X-Forwarded-Port:"8080", X-Forwarded-Host:"localhost:8080"]
2024-09-18 13:43:46 - Client observation  {name=http.client.requests(null), error=null, context=name='http.client.requests', contextualName='null', error='null', lowCardinalityKeyValues=[http.method='POST', http.status_code='UNKNOWN', spring.cloud.gateway.route.id='auth-service', spring.cloud.gateway.route.uri='lb://auth-service'], highCardinalityKeyValues=[http.uri='http://localhost:8080/api/v1/auth/login'], map=[class io.micrometer.core.instrument.Timer$Sample='io.micrometer.core.instrument.Timer$Sample@370d1d10', class io.micrometer.core.instrument.LongTaskTimer$Sample='SampleImpl{duration(seconds)=6.127E-4, duration(nanos)=612700.0, startTimeNanos=28948582409700}'], parentObservation=org.springframework.security.web.server.ObservationWebFilterChainDecorator$PhasedObservation@27338932} created for the request. New headers are [Content-Type:"application/json", User-Agent:"PostmanRuntime/7.42.0", Accept:"*/*", Cache-Control:"no-cache", Postman-Token:"0e0ea8e2-6984-4035-8a3e-18cbc619f9e7", Host:"localhost:8080", Accept-Encoding:"gzip, deflate, br", Content-Length:"68", Forwarded:"proto=http;host="localhost:8080";for="[0:0:0:0:0:0:0:1]:57109"", X-Forwarded-For:"0:0:0:0:0:0:0:1", X-Forwarded-Proto:"http", X-Forwarded-Port:"8080", X-Forwarded-Host:"localhost:8080"]
2024-09-18 13:43:47 - Will instrument the response
2024-09-18 13:43:47 - The response was handled for observation {name=http.client.requests(null), error=null, context=name='http.client.requests', contextualName='null', error='null', lowCardinalityKeyValues=[http.method='POST', http.status_code='UNKNOWN', spring.cloud.gateway.route.id='auth-service', spring.cloud.gateway.route.uri='lb://auth-service'], highCardinalityKeyValues=[http.uri='http://localhost:8080/api/v1/auth/login'], map=[class io.micrometer.core.instrument.Timer$Sample='io.micrometer.core.instrument.Timer$Sample@370d1d10', class io.micrometer.core.instrument.LongTaskTimer$Sample='SampleImpl{duration(seconds)=0.6486142, duration(nanos)=6.486142E8, startTimeNanos=28948582409700}'], parentObservation=org.springframework.security.web.server.ObservationWebFilterChainDecorator$PhasedObservation@27338932}
2024-09-18 13:43:47 - Response: 200 OK for POST http://localhost:8080/api/v1/auth/login
2024-09-18 13:43:47 - [66096241-1] Completed 200 OK
2024-09-18 13:44:03 - [66096241-2] HTTP PUT "/api/v1/users/update-profile"
2024-09-18 13:44:03 - Created new WebSession.
2024-09-18 13:44:03 - Trying to match using PathMatcherServerWebExchangeMatcher{pattern='/logout', method=POST}
2024-09-18 13:44:03 - Request 'PUT /api/v1/users/update-profile' doesn't match 'POST /logout'
2024-09-18 13:44:03 - No matches found
2024-09-18 13:44:03 - Trying to match using PathMatcherServerWebExchangeMatcher{pattern='/api/v1/auth/register', method=null}
2024-09-18 13:44:03 - Request 'PUT /api/v1/users/update-profile' doesn't match 'null /api/v1/auth/register'
2024-09-18 13:44:03 - Trying to match using PathMatcherServerWebExchangeMatcher{pattern='/api/v1/auth/login', method=null}
2024-09-18 13:44:03 - Request 'PUT /api/v1/users/update-profile' doesn't match 'null /api/v1/auth/login'
2024-09-18 13:44:03 - Trying to match using PathMatcherServerWebExchangeMatcher{pattern='/api/v1/schedules/grouped', method=null}
2024-09-18 13:44:03 - Request 'PUT /api/v1/users/update-profile' doesn't match 'null /api/v1/schedules/grouped'
2024-09-18 13:44:03 - Trying to match using PathMatcherServerWebExchangeMatcher{pattern='/api/v1/schedules/detail/**', method=null}
2024-09-18 13:44:03 - Request 'PUT /api/v1/users/update-profile' doesn't match 'null /api/v1/schedules/detail/**'
2024-09-18 13:44:03 - No matches found
2024-09-18 13:44:03 - Trying to match using PathMatcherServerWebExchangeMatcher{pattern='/api/v1/movies/**', method=null}
2024-09-18 13:44:03 - Request 'PUT /api/v1/users/update-profile' doesn't match 'null /api/v1/movies/**'
2024-09-18 13:44:03 - Trying to match using PathMatcherServerWebExchangeMatcher{pattern='/api/v1/bookings/admin/**', method=null}
2024-09-18 13:44:03 - Request 'PUT /api/v1/users/update-profile' doesn't match 'null /api/v1/bookings/admin/**'
2024-09-18 13:44:03 - No matches found
2024-09-18 13:44:03 - Trying to match using PathMatcherServerWebExchangeMatcher{pattern='/api/v1/bookings/customer/**', method=null}
2024-09-18 13:44:03 - Request 'PUT /api/v1/users/update-profile' doesn't match 'null /api/v1/bookings/customer/**'
2024-09-18 13:44:03 - No matches found
2024-09-18 13:44:03 - Checking authorization on '/api/v1/users/update-profile' using org.springframework.security.authorization.AuthenticatedReactiveAuthorizationManager@f31b6e5
2024-09-18 13:44:03 - Authorization successful
2024-09-18 13:44:03 - Route matched: user-service
2024-09-18 13:44:03 - Mapping [Exchange: PUT http://localhost:8080/api/v1/users/update-profile] to Route{id='user-service', uri=lb://user-service, order=0, predicate=Paths: [/api/v1/users/**], match trailing slash: true, gatewayFilters=[[findo.gateway.filter.JwtAuthenticationFilter$$Lambda$1345/0x000000080115f518@73c1b9b2, order = 1]], metadata={}}
2024-09-18 13:44:03 - [66096241-2] Mapped to org.springframework.cloud.gateway.handler.FilteringWebHandler@4d35598c
2024-09-18 13:44:03 - Sorted gatewayFilterFactories: [[GatewayFilterAdapter{delegate=org.springframework.cloud.gateway.filter.RemoveCachedBodyFilter@5eb3025a}, order = -2147483648], [GatewayFilterAdapter{delegate=org.springframework.cloud.gateway.filter.AdaptCachedBodyGlobalFilter@6f68c783}, order = -2147482648], [GatewayFilterAdapter{delegate=org.springframework.cloud.gateway.filter.NettyWriteResponseFilter@2585e167}, order = -1], [GatewayFilterAdapter{delegate=org.springframework.cloud.gateway.filter.ForwardPathFilter@138c59bd}, order = 0], [GatewayFilterAdapter{delegate=org.springframework.cloud.gateway.filter.GatewayMetricsFilter@468f675c}, order = 0], [findo.gateway.filter.JwtAuthenticationFilter$$Lambda$1345/0x000000080115f518@73c1b9b2, order = 1], [GatewayFilterAdapter{delegate=org.springframework.cloud.gateway.filter.RouteToRequestUrlFilter@2f279a07}, order = 10000], [GatewayFilterAdapter{delegate=org.springframework.cloud.gateway.filter.ReactiveLoadBalancerClientFilter@3fd882b7}, order = 10150], [GatewayFilterAdapter{delegate=org.springframework.cloud.gateway.filter.LoadBalancerServiceInstanceCookieFilter@41961e7d}, order = 10151], [GatewayFilterAdapter{delegate=org.springframework.cloud.gateway.filter.WebsocketRoutingFilter@55eb2844}, order = 2147483646], [GatewayFilterAdapter{delegate=findo.gateway.filter.LoggingGlobalFilter@6f885ce1}, order = 2147483647], [GatewayFilterAdapter{delegate=org.springframework.cloud.gateway.filter.NettyRoutingFilter@847dbda}, order = 2147483647], [GatewayFilterAdapter{delegate=org.springframework.cloud.gateway.filter.ForwardRoutingFilter@19881d32}, order = 2147483647]]
2024-09-18 13:44:03 - RouteDefinition auth-service applying {_genkey_0=/api/v1/auth/**} to Path
2024-09-18 13:44:03 - RouteDefinition matched: auth-service
2024-09-18 13:44:03 - RouteDefinition user-service applying {_genkey_0=/api/v1/users/**} to Path
2024-09-18 13:44:03 - RouteDefinition user-service applying filter {} to JwtAuthenticationFilter
2024-09-18 13:44:03 - RouteDefinition matched: user-service
2024-09-18 13:44:03 - RouteDefinition booking-service applying {_genkey_0=/api/v1/bookings/**} to Path
2024-09-18 13:44:03 - RouteDefinition booking-service applying filter {} to JwtAuthenticationFilter
2024-09-18 13:44:03 - RouteDefinition matched: booking-service
2024-09-18 13:44:03 - RouteDefinition schedule-service applying {_genkey_0=/api/v1/schedules/**} to Path
2024-09-18 13:44:03 - RouteDefinition matched: schedule-service
2024-09-18 13:44:03 - RouteDefinition movie-service applying {_genkey_0=/api/v1/movies/**} to Path
2024-09-18 13:44:03 - RouteDefinition matched: movie-service
2024-09-18 13:44:03 - RouteDefinition studio-service applying {_genkey_0=/api/v1/studios/**} to Path
2024-09-18 13:44:03 - RouteDefinition matched: studio-service
2024-09-18 13:44:03 - New routes count: 6
2024-09-18 13:44:03 - Request: PUT http://localhost:8080/api/v1/users/update-profile from IP: /[0:0:0:0:0:0:0:1]:57109
2024-09-18 13:44:03 - Will instrument the HTTP request headers [Content-Type:"application/json", Authorization:"Bearer eyJhbGciOiJSUzI1NiJ9.eyJzdWIiOiI4YWUwNTg1Yy1kNjM1LTQwZjQtODI5NC1hOGI4Nzc1ZGUyMjIiLCJyb2xlcyI6WyJST0xFX0NVU1RPTUVSIl0sImlzcyI6IkZQVCIsImV4cCI6MTcyNzI0NjYyNywiaWF0IjoxNzI2NjQxODI3LCJlbWFpbCI6IlRlc3RlcjZAZ21haWwuY29tIn0.gGiQHp_c8n4Pbk8m8eR4hZzAwdzMyf0D3BcCcuRBm8_GtQjy2vC5h7VK0PBWBdPdo0Ti5oUurJcBPjWf6NXrDNdGuc281xNXPDlVf6IWEeXcb7ilNkhN5FNyMA7D37rA-ba5M96XDiGkRtqrX2Qg3mbCriYopidPMo-Nt11Py9Hf_sRNUyWwMunbQ_k6K27HmWMCRJ0kseQ0fbduEAMyrCIEViaHUPoiLgYek5UkGNgvi4oKTv53OFqcNL3Hrzt_C3oaNNlWXxdFcL8jmFTTt3NF2ZCPAC2uHirqNY8_wd7ZDQ3aI2RNBb_dnf7qIQhrlp2icUdHbODdvnUhM7ImEw", User-Agent:"PostmanRuntime/7.42.0", Accept:"*/*", Cache-Control:"no-cache", Postman-Token:"ef83463d-fca5-46eb-97a9-60d7d37f4674", Host:"localhost:8080", Accept-Encoding:"gzip, deflate, br", Content-Length:"32", Forwarded:"proto=http;host="localhost:8080";for="[0:0:0:0:0:0:0:1]:57109"", X-Forwarded-For:"0:0:0:0:0:0:0:1", X-Forwarded-Proto:"http", X-Forwarded-Port:"8080", X-Forwarded-Host:"localhost:8080"]
2024-09-18 13:44:03 - Client observation  {name=http.client.requests(null), error=null, context=name='http.client.requests', contextualName='null', error='null', lowCardinalityKeyValues=[http.method='PUT', http.status_code='UNKNOWN', spring.cloud.gateway.route.id='user-service', spring.cloud.gateway.route.uri='lb://user-service'], highCardinalityKeyValues=[http.uri='http://localhost:8080/api/v1/users/update-profile'], map=[class io.micrometer.core.instrument.Timer$Sample='io.micrometer.core.instrument.Timer$Sample@ac4b5a1', class io.micrometer.core.instrument.LongTaskTimer$Sample='SampleImpl{duration(seconds)=8.0E-5, duration(nanos)=80000.0, startTimeNanos=28965261685200}'], parentObservation=org.springframework.security.web.server.ObservationWebFilterChainDecorator$PhasedObservation@69b943cc} created for the request. New headers are [Content-Type:"application/json", Authorization:"Bearer eyJhbGciOiJSUzI1NiJ9.eyJzdWIiOiI4YWUwNTg1Yy1kNjM1LTQwZjQtODI5NC1hOGI4Nzc1ZGUyMjIiLCJyb2xlcyI6WyJST0xFX0NVU1RPTUVSIl0sImlzcyI6IkZQVCIsImV4cCI6MTcyNzI0NjYyNywiaWF0IjoxNzI2NjQxODI3LCJlbWFpbCI6IlRlc3RlcjZAZ21haWwuY29tIn0.gGiQHp_c8n4Pbk8m8eR4hZzAwdzMyf0D3BcCcuRBm8_GtQjy2vC5h7VK0PBWBdPdo0Ti5oUurJcBPjWf6NXrDNdGuc281xNXPDlVf6IWEeXcb7ilNkhN5FNyMA7D37rA-ba5M96XDiGkRtqrX2Qg3mbCriYopidPMo-Nt11Py9Hf_sRNUyWwMunbQ_k6K27HmWMCRJ0kseQ0fbduEAMyrCIEViaHUPoiLgYek5UkGNgvi4oKTv53OFqcNL3Hrzt_C3oaNNlWXxdFcL8jmFTTt3NF2ZCPAC2uHirqNY8_wd7ZDQ3aI2RNBb_dnf7qIQhrlp2icUdHbODdvnUhM7ImEw", User-Agent:"PostmanRuntime/7.42.0", Accept:"*/*", Cache-Control:"no-cache", Postman-Token:"ef83463d-fca5-46eb-97a9-60d7d37f4674", Host:"localhost:8080", Accept-Encoding:"gzip, deflate, br", Content-Length:"32", Forwarded:"proto=http;host="localhost:8080";for="[0:0:0:0:0:0:0:1]:57109"", X-Forwarded-For:"0:0:0:0:0:0:0:1", X-Forwarded-Proto:"http", X-Forwarded-Port:"8080", X-Forwarded-Host:"localhost:8080"]
2024-09-18 13:44:03 - Will instrument the response
2024-09-18 13:44:03 - The response was handled for observation {name=http.client.requests(null), error=null, context=name='http.client.requests', contextualName='null', error='null', lowCardinalityKeyValues=[http.method='PUT', http.status_code='UNKNOWN', spring.cloud.gateway.route.id='user-service', spring.cloud.gateway.route.uri='lb://user-service'], highCardinalityKeyValues=[http.uri='http://localhost:8080/api/v1/users/update-profile'], map=[class io.micrometer.core.instrument.Timer$Sample='io.micrometer.core.instrument.Timer$Sample@ac4b5a1', class io.micrometer.core.instrument.LongTaskTimer$Sample='SampleImpl{duration(seconds)=0.3323609, duration(nanos)=3.323609E8, startTimeNanos=28965261685200}'], parentObservation=org.springframework.security.web.server.ObservationWebFilterChainDecorator$PhasedObservation@69b943cc}
2024-09-18 13:44:03 - Response: 200 OK for PUT http://localhost:8080/api/v1/users/update-profile
2024-09-18 13:44:03 - [66096241-2] Completed 200 OK
2024-09-18 13:44:08 - HTTP PUT http://localhost:8761/eureka/apps/GATEWAY/localhost:gateway:8080?status=UP&lastDirtyTimestamp=1726641788016
2024-09-18 13:44:08 - Accept=[application/json, application/*+json]
2024-09-18 13:44:08 - HTTP GET http://localhost:8761/eureka/apps/delta
2024-09-18 13:44:08 - Accept=[application/json, application/*+json]
2024-09-18 13:44:08 - Response 200 OK
2024-09-18 13:44:08 - Response 200 OK
2024-09-18 13:44:08 - Reading to [org.springframework.cloud.netflix.eureka.http.EurekaApplications]
2024-09-18 13:44:08 - RouteDefinition auth-service applying {_genkey_0=/api/v1/auth/**} to Path
2024-09-18 13:44:08 - RouteDefinition matched: auth-service
2024-09-18 13:44:08 - RouteDefinition user-service applying {_genkey_0=/api/v1/users/**} to Path
2024-09-18 13:44:08 - RouteDefinition user-service applying filter {} to JwtAuthenticationFilter
2024-09-18 13:44:08 - RouteDefinition matched: user-service
2024-09-18 13:44:08 - RouteDefinition booking-service applying {_genkey_0=/api/v1/bookings/**} to Path
2024-09-18 13:44:08 - RouteDefinition booking-service applying filter {} to JwtAuthenticationFilter
2024-09-18 13:44:08 - RouteDefinition matched: booking-service
2024-09-18 13:44:08 - RouteDefinition schedule-service applying {_genkey_0=/api/v1/schedules/**} to Path
2024-09-18 13:44:08 - RouteDefinition matched: schedule-service
2024-09-18 13:44:08 - RouteDefinition movie-service applying {_genkey_0=/api/v1/movies/**} to Path
2024-09-18 13:44:08 - RouteDefinition matched: movie-service
2024-09-18 13:44:08 - RouteDefinition studio-service applying {_genkey_0=/api/v1/studios/**} to Path
2024-09-18 13:44:08 - RouteDefinition matched: studio-service
2024-09-18 13:44:08 - New routes count: 6
2024-09-18 13:44:12 - [66096241-3] HTTP PUT "/api/v1/users/top-up"
2024-09-18 13:44:12 - Created new WebSession.
2024-09-18 13:44:12 - Trying to match using PathMatcherServerWebExchangeMatcher{pattern='/logout', method=POST}
2024-09-18 13:44:12 - Request 'PUT /api/v1/users/top-up' doesn't match 'POST /logout'
2024-09-18 13:44:12 - No matches found
2024-09-18 13:44:12 - Trying to match using PathMatcherServerWebExchangeMatcher{pattern='/api/v1/auth/register', method=null}
2024-09-18 13:44:12 - Request 'PUT /api/v1/users/top-up' doesn't match 'null /api/v1/auth/register'
2024-09-18 13:44:12 - Trying to match using PathMatcherServerWebExchangeMatcher{pattern='/api/v1/auth/login', method=null}
2024-09-18 13:44:12 - Request 'PUT /api/v1/users/top-up' doesn't match 'null /api/v1/auth/login'
2024-09-18 13:44:12 - Trying to match using PathMatcherServerWebExchangeMatcher{pattern='/api/v1/schedules/grouped', method=null}
2024-09-18 13:44:12 - Request 'PUT /api/v1/users/top-up' doesn't match 'null /api/v1/schedules/grouped'
2024-09-18 13:44:12 - Trying to match using PathMatcherServerWebExchangeMatcher{pattern='/api/v1/schedules/detail/**', method=null}
2024-09-18 13:44:12 - Request 'PUT /api/v1/users/top-up' doesn't match 'null /api/v1/schedules/detail/**'
2024-09-18 13:44:12 - No matches found
2024-09-18 13:44:12 - Trying to match using PathMatcherServerWebExchangeMatcher{pattern='/api/v1/movies/**', method=null}
2024-09-18 13:44:12 - Request 'PUT /api/v1/users/top-up' doesn't match 'null /api/v1/movies/**'
2024-09-18 13:44:12 - Trying to match using PathMatcherServerWebExchangeMatcher{pattern='/api/v1/bookings/admin/**', method=null}
2024-09-18 13:44:12 - Request 'PUT /api/v1/users/top-up' doesn't match 'null /api/v1/bookings/admin/**'
2024-09-18 13:44:12 - No matches found
2024-09-18 13:44:12 - Trying to match using PathMatcherServerWebExchangeMatcher{pattern='/api/v1/bookings/customer/**', method=null}
2024-09-18 13:44:12 - Request 'PUT /api/v1/users/top-up' doesn't match 'null /api/v1/bookings/customer/**'
2024-09-18 13:44:12 - No matches found
2024-09-18 13:44:12 - Checking authorization on '/api/v1/users/top-up' using org.springframework.security.authorization.AuthenticatedReactiveAuthorizationManager@f31b6e5
2024-09-18 13:44:12 - Authorization successful
2024-09-18 13:44:12 - Route matched: user-service
2024-09-18 13:44:12 - Mapping [Exchange: PUT http://localhost:8080/api/v1/users/top-up] to Route{id='user-service', uri=lb://user-service, order=0, predicate=Paths: [/api/v1/users/**], match trailing slash: true, gatewayFilters=[[findo.gateway.filter.JwtAuthenticationFilter$$Lambda$1345/0x000000080115f518@3db06a20, order = 1]], metadata={}}
2024-09-18 13:44:12 - [66096241-3] Mapped to org.springframework.cloud.gateway.handler.FilteringWebHandler@4d35598c
2024-09-18 13:44:12 - Sorted gatewayFilterFactories: [[GatewayFilterAdapter{delegate=org.springframework.cloud.gateway.filter.RemoveCachedBodyFilter@5eb3025a}, order = -2147483648], [GatewayFilterAdapter{delegate=org.springframework.cloud.gateway.filter.AdaptCachedBodyGlobalFilter@6f68c783}, order = -2147482648], [GatewayFilterAdapter{delegate=org.springframework.cloud.gateway.filter.NettyWriteResponseFilter@2585e167}, order = -1], [GatewayFilterAdapter{delegate=org.springframework.cloud.gateway.filter.ForwardPathFilter@138c59bd}, order = 0], [GatewayFilterAdapter{delegate=org.springframework.cloud.gateway.filter.GatewayMetricsFilter@468f675c}, order = 0], [findo.gateway.filter.JwtAuthenticationFilter$$Lambda$1345/0x000000080115f518@3db06a20, order = 1], [GatewayFilterAdapter{delegate=org.springframework.cloud.gateway.filter.RouteToRequestUrlFilter@2f279a07}, order = 10000], [GatewayFilterAdapter{delegate=org.springframework.cloud.gateway.filter.ReactiveLoadBalancerClientFilter@3fd882b7}, order = 10150], [GatewayFilterAdapter{delegate=org.springframework.cloud.gateway.filter.LoadBalancerServiceInstanceCookieFilter@41961e7d}, order = 10151], [GatewayFilterAdapter{delegate=org.springframework.cloud.gateway.filter.WebsocketRoutingFilter@55eb2844}, order = 2147483646], [GatewayFilterAdapter{delegate=findo.gateway.filter.LoggingGlobalFilter@6f885ce1}, order = 2147483647], [GatewayFilterAdapter{delegate=org.springframework.cloud.gateway.filter.NettyRoutingFilter@847dbda}, order = 2147483647], [GatewayFilterAdapter{delegate=org.springframework.cloud.gateway.filter.ForwardRoutingFilter@19881d32}, order = 2147483647]]
2024-09-18 13:44:12 - Request: PUT http://localhost:8080/api/v1/users/top-up from IP: /[0:0:0:0:0:0:0:1]:57109
2024-09-18 13:44:12 - Will instrument the HTTP request headers [Content-Type:"application/json", Authorization:"Bearer eyJhbGciOiJSUzI1NiJ9.eyJzdWIiOiI4YWUwNTg1Yy1kNjM1LTQwZjQtODI5NC1hOGI4Nzc1ZGUyMjIiLCJyb2xlcyI6WyJST0xFX0NVU1RPTUVSIl0sImlzcyI6IkZQVCIsImV4cCI6MTcyNzI0NjYyNywiaWF0IjoxNzI2NjQxODI3LCJlbWFpbCI6IlRlc3RlcjZAZ21haWwuY29tIn0.gGiQHp_c8n4Pbk8m8eR4hZzAwdzMyf0D3BcCcuRBm8_GtQjy2vC5h7VK0PBWBdPdo0Ti5oUurJcBPjWf6NXrDNdGuc281xNXPDlVf6IWEeXcb7ilNkhN5FNyMA7D37rA-ba5M96XDiGkRtqrX2Qg3mbCriYopidPMo-Nt11Py9Hf_sRNUyWwMunbQ_k6K27HmWMCRJ0kseQ0fbduEAMyrCIEViaHUPoiLgYek5UkGNgvi4oKTv53OFqcNL3Hrzt_C3oaNNlWXxdFcL8jmFTTt3NF2ZCPAC2uHirqNY8_wd7ZDQ3aI2RNBb_dnf7qIQhrlp2icUdHbODdvnUhM7ImEw", User-Agent:"PostmanRuntime/7.42.0", Accept:"*/*", Cache-Control:"no-cache", Postman-Token:"d83d6f3d-ea63-495e-90f9-3c3a7811ce8b", Host:"localhost:8080", Accept-Encoding:"gzip, deflate, br", Content-Length:"26", Forwarded:"proto=http;host="localhost:8080";for="[0:0:0:0:0:0:0:1]:57109"", X-Forwarded-For:"0:0:0:0:0:0:0:1", X-Forwarded-Proto:"http", X-Forwarded-Port:"8080", X-Forwarded-Host:"localhost:8080"]
2024-09-18 13:44:12 - Client observation  {name=http.client.requests(null), error=null, context=name='http.client.requests', contextualName='null', error='null', lowCardinalityKeyValues=[http.method='PUT', http.status_code='UNKNOWN', spring.cloud.gateway.route.id='user-service', spring.cloud.gateway.route.uri='lb://user-service'], highCardinalityKeyValues=[http.uri='http://localhost:8080/api/v1/users/top-up'], map=[class io.micrometer.core.instrument.Timer$Sample='io.micrometer.core.instrument.Timer$Sample@337793e6', class io.micrometer.core.instrument.LongTaskTimer$Sample='SampleImpl{duration(seconds)=6.32E-5, duration(nanos)=63200.0, startTimeNanos=28974365642900}'], parentObservation=org.springframework.security.web.server.ObservationWebFilterChainDecorator$PhasedObservation@37480150} created for the request. New headers are [Content-Type:"application/json", Authorization:"Bearer eyJhbGciOiJSUzI1NiJ9.eyJzdWIiOiI4YWUwNTg1Yy1kNjM1LTQwZjQtODI5NC1hOGI4Nzc1ZGUyMjIiLCJyb2xlcyI6WyJST0xFX0NVU1RPTUVSIl0sImlzcyI6IkZQVCIsImV4cCI6MTcyNzI0NjYyNywiaWF0IjoxNzI2NjQxODI3LCJlbWFpbCI6IlRlc3RlcjZAZ21haWwuY29tIn0.gGiQHp_c8n4Pbk8m8eR4hZzAwdzMyf0D3BcCcuRBm8_GtQjy2vC5h7VK0PBWBdPdo0Ti5oUurJcBPjWf6NXrDNdGuc281xNXPDlVf6IWEeXcb7ilNkhN5FNyMA7D37rA-ba5M96XDiGkRtqrX2Qg3mbCriYopidPMo-Nt11Py9Hf_sRNUyWwMunbQ_k6K27HmWMCRJ0kseQ0fbduEAMyrCIEViaHUPoiLgYek5UkGNgvi4oKTv53OFqcNL3Hrzt_C3oaNNlWXxdFcL8jmFTTt3NF2ZCPAC2uHirqNY8_wd7ZDQ3aI2RNBb_dnf7qIQhrlp2icUdHbODdvnUhM7ImEw", User-Agent:"PostmanRuntime/7.42.0", Accept:"*/*", Cache-Control:"no-cache", Postman-Token:"d83d6f3d-ea63-495e-90f9-3c3a7811ce8b", Host:"localhost:8080", Accept-Encoding:"gzip, deflate, br", Content-Length:"26", Forwarded:"proto=http;host="localhost:8080";for="[0:0:0:0:0:0:0:1]:57109"", X-Forwarded-For:"0:0:0:0:0:0:0:1", X-Forwarded-Proto:"http", X-Forwarded-Port:"8080", X-Forwarded-Host:"localhost:8080"]
2024-09-18 13:44:12 - Will instrument the response
2024-09-18 13:44:12 - The response was handled for observation {name=http.client.requests(null), error=null, context=name='http.client.requests', contextualName='null', error='null', lowCardinalityKeyValues=[http.method='PUT', http.status_code='UNKNOWN', spring.cloud.gateway.route.id='user-service', spring.cloud.gateway.route.uri='lb://user-service'], highCardinalityKeyValues=[http.uri='http://localhost:8080/api/v1/users/top-up'], map=[class io.micrometer.core.instrument.Timer$Sample='io.micrometer.core.instrument.Timer$Sample@337793e6', class io.micrometer.core.instrument.LongTaskTimer$Sample='SampleImpl{duration(seconds)=0.0205136, duration(nanos)=2.05136E7, startTimeNanos=28974365642900}'], parentObservation=org.springframework.security.web.server.ObservationWebFilterChainDecorator$PhasedObservation@37480150}
2024-09-18 13:44:12 - Response: 200 OK for PUT http://localhost:8080/api/v1/users/top-up
2024-09-18 13:44:12 - [66096241-3] Completed 200 OK
2024-09-18 13:44:19 - Unregistering application GATEWAY with eureka with status DOWN
2024-09-18 13:44:19 - Saw local status change event StatusChangeEvent [timestamp=1726641859666, current=DOWN, previous=UP]
2024-09-18 13:44:19 - DiscoveryClient_GATEWAY/localhost:gateway:8080: registering service...
2024-09-18 13:44:19 - HTTP POST http://localhost:8761/eureka/apps/GATEWAY
2024-09-18 13:44:19 - Accept=[application/json, application/*+json]
2024-09-18 13:44:19 - Writing [InstanceInfo [instanceId = localhost:gateway:8080, appName = GATEWAY, hostName = localhost, status = DOWN, ipAddr = 26.86.151.172, port = 8080, securePort = 443, dataCenterInfo = com.netflix.appinfo.MyDataCenterInfo@72b70021] as "application/json"
2024-09-18 13:44:19 - Request execution error. endpoint=DefaultEndpoint{ serviceUrl='http://localhost:8761/eureka/} exception=I/O error on POST request for "http://localhost:8761/eureka/apps/GATEWAY": localhost:8761 failed to respond stacktrace=org.springframework.web.client.ResourceAccessException: I/O error on POST request for "http://localhost:8761/eureka/apps/GATEWAY": localhost:8761 failed to respond
	at org.springframework.web.client.RestTemplate.createResourceAccessException(RestTemplate.java:915)
	at org.springframework.web.client.RestTemplate.doExecute(RestTemplate.java:895)
	at org.springframework.web.client.RestTemplate.execute(RestTemplate.java:790)
	at org.springframework.web.client.RestTemplate.exchange(RestTemplate.java:672)
	at org.springframework.cloud.netflix.eureka.http.RestTemplateEurekaHttpClient.register(RestTemplateEurekaHttpClient.java:77)
	at com.netflix.discovery.shared.transport.decorator.EurekaHttpClientDecorator$1.execute(EurekaHttpClientDecorator.java:59)
	at com.netflix.discovery.shared.transport.decorator.RedirectingEurekaHttpClient.execute(RedirectingEurekaHttpClient.java:91)
	at com.netflix.discovery.shared.transport.decorator.EurekaHttpClientDecorator.register(EurekaHttpClientDecorator.java:56)
	at com.netflix.discovery.shared.transport.decorator.EurekaHttpClientDecorator$1.execute(EurekaHttpClientDecorator.java:59)
	at com.netflix.discovery.shared.transport.decorator.RetryableEurekaHttpClient.execute(RetryableEurekaHttpClient.java:120)
	at com.netflix.discovery.shared.transport.decorator.EurekaHttpClientDecorator.register(EurekaHttpClientDecorator.java:56)
	at com.netflix.discovery.shared.transport.decorator.EurekaHttpClientDecorator$1.execute(EurekaHttpClientDecorator.java:59)
	at com.netflix.discovery.shared.transport.decorator.SessionedEurekaHttpClient.execute(SessionedEurekaHttpClient.java:76)
	at com.netflix.discovery.shared.transport.decorator.EurekaHttpClientDecorator.register(EurekaHttpClientDecorator.java:56)
	at com.netflix.discovery.DiscoveryClient.register(DiscoveryClient.java:828)
	at com.netflix.discovery.InstanceInfoReplicator.run(InstanceInfoReplicator.java:125)
	at com.netflix.discovery.InstanceInfoReplicator$2.run(InstanceInfoReplicator.java:105)
	at java.base/java.util.concurrent.Executors$RunnableAdapter.call(Executors.java:539)
	at java.base/java.util.concurrent.FutureTask.run(FutureTask.java:264)
	at java.base/java.util.concurrent.ScheduledThreadPoolExecutor$ScheduledFutureTask.run(ScheduledThreadPoolExecutor.java:304)
	at java.base/java.util.concurrent.ThreadPoolExecutor.runWorker(ThreadPoolExecutor.java:1136)
	at java.base/java.util.concurrent.ThreadPoolExecutor$Worker.run(ThreadPoolExecutor.java:635)
	at java.base/java.lang.Thread.run(Thread.java:833)
Caused by: org.apache.hc.core5.http.NoHttpResponseException: localhost:8761 failed to respond
	at org.apache.hc.core5.http.impl.io.DefaultBHttpClientConnection.receiveResponseHeader(DefaultBHttpClientConnection.java:306)
	at org.apache.hc.core5.http.impl.io.HttpRequestExecutor.execute(HttpRequestExecutor.java:175)
	at org.apache.hc.core5.http.impl.io.HttpRequestExecutor.execute(HttpRequestExecutor.java:218)
	at org.apache.hc.client5.http.impl.io.PoolingHttpClientConnectionManager$InternalConnectionEndpoint.execute(PoolingHttpClientConnectionManager.java:717)
	at org.apache.hc.client5.http.impl.classic.InternalExecRuntime.execute(InternalExecRuntime.java:216)
	at org.apache.hc.client5.http.impl.classic.MainClientExec.execute(MainClientExec.java:116)
	at org.apache.hc.client5.http.impl.classic.ExecChainElement.execute(ExecChainElement.java:51)
	at org.apache.hc.client5.http.impl.classic.ConnectExec.execute(ConnectExec.java:188)
	at org.apache.hc.client5.http.impl.classic.ExecChainElement.execute(ExecChainElement.java:51)
	at org.apache.hc.client5.http.impl.classic.ProtocolExec.execute(ProtocolExec.java:192)
	at org.apache.hc.client5.http.impl.classic.ExecChainElement.execute(ExecChainElement.java:51)
	at org.apache.hc.client5.http.impl.classic.HttpRequestRetryExec.execute(HttpRequestRetryExec.java:113)
	at org.apache.hc.client5.http.impl.classic.ExecChainElement.execute(ExecChainElement.java:51)
	at org.apache.hc.client5.http.impl.classic.ContentCompressionExec.execute(ContentCompressionExec.java:152)
	at org.apache.hc.client5.http.impl.classic.ExecChainElement.execute(ExecChainElement.java:51)
	at org.apache.hc.client5.http.impl.classic.RedirectExec.execute(RedirectExec.java:116)
	at org.apache.hc.client5.http.impl.classic.ExecChainElement.execute(ExecChainElement.java:51)
	at org.apache.hc.client5.http.impl.classic.InternalHttpClient.doExecute(InternalHttpClient.java:170)
	at org.apache.hc.client5.http.impl.classic.CloseableHttpClient.execute(CloseableHttpClient.java:87)
	at org.apache.hc.client5.http.impl.classic.CloseableHttpClient.execute(CloseableHttpClient.java:55)
	at org.apache.hc.client5.http.classic.HttpClient.executeOpen(HttpClient.java:183)
	at org.springframework.http.client.HttpComponentsClientHttpRequest.executeInternal(HttpComponentsClientHttpRequest.java:99)
	at org.springframework.http.client.AbstractStreamingClientHttpRequest.executeInternal(AbstractStreamingClientHttpRequest.java:70)
	at org.springframework.http.client.AbstractClientHttpRequest.execute(AbstractClientHttpRequest.java:66)
	at org.springframework.http.client.InterceptingClientHttpRequest$InterceptingRequestExecution.execute(InterceptingClientHttpRequest.java:112)
	at org.springframework.cloud.netflix.eureka.http.RestTemplateTransportClientFactory.lambda$restTemplate$3(RestTemplateTransportClientFactory.java:170)
	at org.springframework.http.client.InterceptingClientHttpRequest$InterceptingRequestExecution.execute(InterceptingClientHttpRequest.java:88)
	at org.springframework.http.client.InterceptingClientHttpRequest.executeInternal(InterceptingClientHttpRequest.java:72)
	at org.springframework.http.client.AbstractBufferingClientHttpRequest.executeInternal(AbstractBufferingClientHttpRequest.java:48)
	at org.springframework.http.client.AbstractClientHttpRequest.execute(AbstractClientHttpRequest.java:66)
	at org.springframework.web.client.RestTemplate.doExecute(RestTemplate.java:889)
	... 21 more

2024-09-18 13:44:19 - Request execution failed with message: I/O error on POST request for "http://localhost:8761/eureka/apps/GATEWAY": localhost:8761 failed to respond
2024-09-18 13:44:19 - HTTP POST http://localhost:8761/eureka/apps/GATEWAY
2024-09-18 13:44:19 - Accept=[application/json, application/*+json]
2024-09-18 13:44:19 - Writing [InstanceInfo [instanceId = localhost:gateway:8080, appName = GATEWAY, hostName = localhost, status = DOWN, ipAddr = 26.86.151.172, port = 8080, securePort = 443, dataCenterInfo = com.netflix.appinfo.MyDataCenterInfo@72b70021] as "application/json"
2024-09-18 13:44:19 - Shutting down DiscoveryClient ...
2024-09-18 13:44:19 - Request execution error. endpoint=DefaultEndpoint{ serviceUrl='http://localhost:8761/eureka/}, exception=I/O error on POST request for "http://localhost:8761/eureka/apps/GATEWAY": Connection reset stacktrace=org.springframework.web.client.ResourceAccessException: I/O error on POST request for "http://localhost:8761/eureka/apps/GATEWAY": Connection reset
	at org.springframework.web.client.RestTemplate.createResourceAccessException(RestTemplate.java:915)
	at org.springframework.web.client.RestTemplate.doExecute(RestTemplate.java:895)
	at org.springframework.web.client.RestTemplate.execute(RestTemplate.java:790)
	at org.springframework.web.client.RestTemplate.exchange(RestTemplate.java:672)
	at org.springframework.cloud.netflix.eureka.http.RestTemplateEurekaHttpClient.register(RestTemplateEurekaHttpClient.java:77)
	at com.netflix.discovery.shared.transport.decorator.EurekaHttpClientDecorator$1.execute(EurekaHttpClientDecorator.java:59)
	at com.netflix.discovery.shared.transport.decorator.RedirectingEurekaHttpClient.executeOnNewServer(RedirectingEurekaHttpClient.java:121)
	at com.netflix.discovery.shared.transport.decorator.RedirectingEurekaHttpClient.execute(RedirectingEurekaHttpClient.java:80)
	at com.netflix.discovery.shared.transport.decorator.EurekaHttpClientDecorator.register(EurekaHttpClientDecorator.java:56)
	at com.netflix.discovery.shared.transport.decorator.EurekaHttpClientDecorator$1.execute(EurekaHttpClientDecorator.java:59)
	at com.netflix.discovery.shared.transport.decorator.RetryableEurekaHttpClient.execute(RetryableEurekaHttpClient.java:120)
	at com.netflix.discovery.shared.transport.decorator.EurekaHttpClientDecorator.register(EurekaHttpClientDecorator.java:56)
	at com.netflix.discovery.shared.transport.decorator.EurekaHttpClientDecorator$1.execute(EurekaHttpClientDecorator.java:59)
	at com.netflix.discovery.shared.transport.decorator.SessionedEurekaHttpClient.execute(SessionedEurekaHttpClient.java:76)
	at com.netflix.discovery.shared.transport.decorator.EurekaHttpClientDecorator.register(EurekaHttpClientDecorator.java:56)
	at com.netflix.discovery.DiscoveryClient.register(DiscoveryClient.java:828)
	at com.netflix.discovery.InstanceInfoReplicator.run(InstanceInfoReplicator.java:125)
	at com.netflix.discovery.InstanceInfoReplicator$2.run(InstanceInfoReplicator.java:105)
	at java.base/java.util.concurrent.Executors$RunnableAdapter.call(Executors.java:539)
	at java.base/java.util.concurrent.FutureTask.run(FutureTask.java:264)
	at java.base/java.util.concurrent.ScheduledThreadPoolExecutor$ScheduledFutureTask.run(ScheduledThreadPoolExecutor.java:304)
	at java.base/java.util.concurrent.ThreadPoolExecutor.runWorker(ThreadPoolExecutor.java:1136)
	at java.base/java.util.concurrent.ThreadPoolExecutor$Worker.run(ThreadPoolExecutor.java:635)
	at java.base/java.lang.Thread.run(Thread.java:833)
Caused by: java.net.SocketException: Connection reset
	at java.base/sun.nio.ch.NioSocketImpl.implRead(NioSocketImpl.java:323)
	at java.base/sun.nio.ch.NioSocketImpl.read(NioSocketImpl.java:350)
	at java.base/sun.nio.ch.NioSocketImpl$1.read(NioSocketImpl.java:803)
	at java.base/java.net.Socket$SocketInputStream.read(Socket.java:966)
	at org.apache.hc.core5.http.impl.io.SessionInputBufferImpl.fillBuffer(SessionInputBufferImpl.java:149)
	at org.apache.hc.core5.http.impl.io.SessionInputBufferImpl.readLine(SessionInputBufferImpl.java:280)
	at org.apache.hc.core5.http.impl.io.AbstractMessageParser.parse(AbstractMessageParser.java:247)
	at org.apache.hc.core5.http.impl.io.AbstractMessageParser.parse(AbstractMessageParser.java:54)
	at org.apache.hc.core5.http.impl.io.DefaultBHttpClientConnection.receiveResponseHeader(DefaultBHttpClientConnection.java:304)
	at org.apache.hc.core5.http.impl.io.HttpRequestExecutor.execute(HttpRequestExecutor.java:175)
	at org.apache.hc.core5.http.impl.io.HttpRequestExecutor.execute(HttpRequestExecutor.java:218)
	at org.apache.hc.client5.http.impl.io.PoolingHttpClientConnectionManager$InternalConnectionEndpoint.execute(PoolingHttpClientConnectionManager.java:717)
	at org.apache.hc.client5.http.impl.classic.InternalExecRuntime.execute(InternalExecRuntime.java:216)
	at org.apache.hc.client5.http.impl.classic.MainClientExec.execute(MainClientExec.java:116)
	at org.apache.hc.client5.http.impl.classic.ExecChainElement.execute(ExecChainElement.java:51)
	at org.apache.hc.client5.http.impl.classic.ConnectExec.execute(ConnectExec.java:188)
	at org.apache.hc.client5.http.impl.classic.ExecChainElement.execute(ExecChainElement.java:51)
	at org.apache.hc.client5.http.impl.classic.ProtocolExec.execute(ProtocolExec.java:192)
	at org.apache.hc.client5.http.impl.classic.ExecChainElement.execute(ExecChainElement.java:51)
	at org.apache.hc.client5.http.impl.classic.HttpRequestRetryExec.execute(HttpRequestRetryExec.java:113)
	at org.apache.hc.client5.http.impl.classic.ExecChainElement.execute(ExecChainElement.java:51)
	at org.apache.hc.client5.http.impl.classic.ContentCompressionExec.execute(ContentCompressionExec.java:152)
	at org.apache.hc.client5.http.impl.classic.ExecChainElement.execute(ExecChainElement.java:51)
	at org.apache.hc.client5.http.impl.classic.RedirectExec.execute(RedirectExec.java:116)
	at org.apache.hc.client5.http.impl.classic.ExecChainElement.execute(ExecChainElement.java:51)
	at org.apache.hc.client5.http.impl.classic.InternalHttpClient.doExecute(InternalHttpClient.java:170)
	at org.apache.hc.client5.http.impl.classic.CloseableHttpClient.execute(CloseableHttpClient.java:87)
	at org.apache.hc.client5.http.impl.classic.CloseableHttpClient.execute(CloseableHttpClient.java:55)
	at org.apache.hc.client5.http.classic.HttpClient.executeOpen(HttpClient.java:183)
	at org.springframework.http.client.HttpComponentsClientHttpRequest.executeInternal(HttpComponentsClientHttpRequest.java:99)
	at org.springframework.http.client.AbstractStreamingClientHttpRequest.executeInternal(AbstractStreamingClientHttpRequest.java:70)
	at org.springframework.http.client.AbstractClientHttpRequest.execute(AbstractClientHttpRequest.java:66)
	at org.springframework.http.client.InterceptingClientHttpRequest$InterceptingRequestExecution.execute(InterceptingClientHttpRequest.java:112)
	at org.springframework.cloud.netflix.eureka.http.RestTemplateTransportClientFactory.lambda$restTemplate$3(RestTemplateTransportClientFactory.java:170)
	at org.springframework.http.client.InterceptingClientHttpRequest$InterceptingRequestExecution.execute(InterceptingClientHttpRequest.java:88)
	at org.springframework.http.client.InterceptingClientHttpRequest.executeInternal(InterceptingClientHttpRequest.java:72)
	at org.springframework.http.client.AbstractBufferingClientHttpRequest.executeInternal(AbstractBufferingClientHttpRequest.java:48)
	at org.springframework.http.client.AbstractClientHttpRequest.execute(AbstractClientHttpRequest.java:66)
	at org.springframework.web.client.RestTemplate.doExecute(RestTemplate.java:889)
	... 22 more

2024-09-18 13:44:19 - Request execution failed with message: I/O error on POST request for "http://localhost:8761/eureka/apps/GATEWAY": Connection reset
2024-09-18 13:44:19 - DiscoveryClient_GATEWAY/localhost:gateway:8080 - registration failed Cannot execute request on any known server
com.netflix.discovery.shared.transport.TransportException: Cannot execute request on any known server
	at com.netflix.discovery.shared.transport.decorator.RetryableEurekaHttpClient.execute(RetryableEurekaHttpClient.java:112)
	at com.netflix.discovery.shared.transport.decorator.EurekaHttpClientDecorator.register(EurekaHttpClientDecorator.java:56)
	at com.netflix.discovery.shared.transport.decorator.EurekaHttpClientDecorator$1.execute(EurekaHttpClientDecorator.java:59)
	at com.netflix.discovery.shared.transport.decorator.SessionedEurekaHttpClient.execute(SessionedEurekaHttpClient.java:76)
	at com.netflix.discovery.shared.transport.decorator.EurekaHttpClientDecorator.register(EurekaHttpClientDecorator.java:56)
	at com.netflix.discovery.DiscoveryClient.register(DiscoveryClient.java:828)
	at com.netflix.discovery.InstanceInfoReplicator.run(InstanceInfoReplicator.java:125)
	at com.netflix.discovery.InstanceInfoReplicator$2.run(InstanceInfoReplicator.java:105)
	at java.base/java.util.concurrent.Executors$RunnableAdapter.call(Executors.java:539)
	at java.base/java.util.concurrent.FutureTask.run(FutureTask.java:264)
	at java.base/java.util.concurrent.ScheduledThreadPoolExecutor$ScheduledFutureTask.run(ScheduledThreadPoolExecutor.java:304)
	at java.base/java.util.concurrent.ThreadPoolExecutor.runWorker(ThreadPoolExecutor.java:1136)
	at java.base/java.util.concurrent.ThreadPoolExecutor$Worker.run(ThreadPoolExecutor.java:635)
	at java.base/java.lang.Thread.run(Thread.java:833)
2024-09-18 13:44:19 - There was a problem with the instance info replicator
com.netflix.discovery.shared.transport.TransportException: Cannot execute request on any known server
	at com.netflix.discovery.shared.transport.decorator.RetryableEurekaHttpClient.execute(RetryableEurekaHttpClient.java:112)
	at com.netflix.discovery.shared.transport.decorator.EurekaHttpClientDecorator.register(EurekaHttpClientDecorator.java:56)
	at com.netflix.discovery.shared.transport.decorator.EurekaHttpClientDecorator$1.execute(EurekaHttpClientDecorator.java:59)
	at com.netflix.discovery.shared.transport.decorator.SessionedEurekaHttpClient.execute(SessionedEurekaHttpClient.java:76)
	at com.netflix.discovery.shared.transport.decorator.EurekaHttpClientDecorator.register(EurekaHttpClientDecorator.java:56)
	at com.netflix.discovery.DiscoveryClient.register(DiscoveryClient.java:828)
	at com.netflix.discovery.InstanceInfoReplicator.run(InstanceInfoReplicator.java:125)
	at com.netflix.discovery.InstanceInfoReplicator$2.run(InstanceInfoReplicator.java:105)
	at java.base/java.util.concurrent.Executors$RunnableAdapter.call(Executors.java:539)
	at java.base/java.util.concurrent.FutureTask.run(FutureTask.java:264)
	at java.base/java.util.concurrent.ScheduledThreadPoolExecutor$ScheduledFutureTask.run(ScheduledThreadPoolExecutor.java:304)
	at java.base/java.util.concurrent.ThreadPoolExecutor.runWorker(ThreadPoolExecutor.java:1136)
	at java.base/java.util.concurrent.ThreadPoolExecutor$Worker.run(ThreadPoolExecutor.java:635)
	at java.base/java.lang.Thread.run(Thread.java:833)
2024-09-18 13:44:19 - Unregistering ...
2024-09-18 13:44:19 - HTTP DELETE http://localhost:8761/eureka/apps/GATEWAY/localhost:gateway:8080
2024-09-18 13:44:19 - Accept=[application/json, application/*+json]
2024-09-18 13:44:19 - Request execution error. endpoint=DefaultEndpoint{ serviceUrl='http://localhost:8761/eureka/}, exception=I/O error on DELETE request for "http://localhost:8761/eureka/apps/GATEWAY/localhost:gateway:8080": Connect to http://localhost:8761 [localhost/127.0.0.1, localhost/0:0:0:0:0:0:0:1] failed: Connection refused: no further information stacktrace=org.springframework.web.client.ResourceAccessException: I/O error on DELETE request for "http://localhost:8761/eureka/apps/GATEWAY/localhost:gateway:8080": Connect to http://localhost:8761 [localhost/127.0.0.1, localhost/0:0:0:0:0:0:0:1] failed: Connection refused: no further information
	at org.springframework.web.client.RestTemplate.createResourceAccessException(RestTemplate.java:915)
	at org.springframework.web.client.RestTemplate.doExecute(RestTemplate.java:895)
	at org.springframework.web.client.RestTemplate.execute(RestTemplate.java:790)
	at org.springframework.web.client.RestTemplate.exchange(RestTemplate.java:672)
	at org.springframework.cloud.netflix.eureka.http.RestTemplateEurekaHttpClient.cancel(RestTemplateEurekaHttpClient.java:87)
	at com.netflix.discovery.shared.transport.decorator.EurekaHttpClientDecorator$2.execute(EurekaHttpClientDecorator.java:74)
	at com.netflix.discovery.shared.transport.decorator.RedirectingEurekaHttpClient.executeOnNewServer(RedirectingEurekaHttpClient.java:121)
	at com.netflix.discovery.shared.transport.decorator.RedirectingEurekaHttpClient.execute(RedirectingEurekaHttpClient.java:80)
	at com.netflix.discovery.shared.transport.decorator.EurekaHttpClientDecorator.cancel(EurekaHttpClientDecorator.java:71)
	at com.netflix.discovery.shared.transport.decorator.EurekaHttpClientDecorator$2.execute(EurekaHttpClientDecorator.java:74)
	at com.netflix.discovery.shared.transport.decorator.RetryableEurekaHttpClient.execute(RetryableEurekaHttpClient.java:120)
	at com.netflix.discovery.shared.transport.decorator.EurekaHttpClientDecorator.cancel(EurekaHttpClientDecorator.java:71)
	at com.netflix.discovery.shared.transport.decorator.EurekaHttpClientDecorator$2.execute(EurekaHttpClientDecorator.java:74)
	at com.netflix.discovery.shared.transport.decorator.SessionedEurekaHttpClient.execute(SessionedEurekaHttpClient.java:76)
	at com.netflix.discovery.shared.transport.decorator.EurekaHttpClientDecorator.cancel(EurekaHttpClientDecorator.java:71)
	at com.netflix.discovery.DiscoveryClient.unregister(DiscoveryClient.java:919)
	at com.netflix.discovery.DiscoveryClient.shutdown(DiscoveryClient.java:900)
	at java.base/jdk.internal.reflect.NativeMethodAccessorImpl.invoke0(Native Method)
	at java.base/jdk.internal.reflect.NativeMethodAccessorImpl.invoke(NativeMethodAccessorImpl.java:77)
	at java.base/jdk.internal.reflect.DelegatingMethodAccessorImpl.invoke(DelegatingMethodAccessorImpl.java:43)
	at java.base/java.lang.reflect.Method.invoke(Method.java:568)
	at org.springframework.beans.factory.annotation.InitDestroyAnnotationBeanPostProcessor$LifecycleMethod.invoke(InitDestroyAnnotationBeanPostProcessor.java:457)
	at org.springframework.beans.factory.annotation.InitDestroyAnnotationBeanPostProcessor$LifecycleMetadata.invokeDestroyMethods(InitDestroyAnnotationBeanPostProcessor.java:415)
	at org.springframework.beans.factory.annotation.InitDestroyAnnotationBeanPostProcessor.postProcessBeforeDestruction(InitDestroyAnnotationBeanPostProcessor.java:239)
	at org.springframework.beans.factory.support.DisposableBeanAdapter.destroy(DisposableBeanAdapter.java:202)
	at org.springframework.beans.factory.support.DisposableBeanAdapter.run(DisposableBeanAdapter.java:195)
	at org.springframework.cloud.context.scope.GenericScope$BeanLifecycleWrapper.destroy(GenericScope.java:389)
	at org.springframework.cloud.context.scope.GenericScope.destroy(GenericScope.java:136)
	at org.springframework.beans.factory.support.DisposableBeanAdapter.destroy(DisposableBeanAdapter.java:211)
	at org.springframework.beans.factory.support.DefaultSingletonBeanRegistry.destroyBean(DefaultSingletonBeanRegistry.java:587)
	at org.springframework.beans.factory.support.DefaultSingletonBeanRegistry.destroySingleton(DefaultSingletonBeanRegistry.java:559)
	at org.springframework.beans.factory.support.DefaultListableBeanFactory.destroySingleton(DefaultListableBeanFactory.java:1202)
	at org.springframework.beans.factory.support.DefaultSingletonBeanRegistry.destroySingletons(DefaultSingletonBeanRegistry.java:520)
	at org.springframework.beans.factory.support.DefaultListableBeanFactory.destroySingletons(DefaultListableBeanFactory.java:1195)
	at org.springframework.context.support.AbstractApplicationContext.destroyBeans(AbstractApplicationContext.java:1195)
	at org.springframework.context.support.AbstractApplicationContext.doClose(AbstractApplicationContext.java:1156)
	at org.springframework.boot.web.reactive.context.ReactiveWebServerApplicationContext.doClose(ReactiveWebServerApplicationContext.java:149)
	at org.springframework.context.support.AbstractApplicationContext.close(AbstractApplicationContext.java:1102)
	at org.springframework.boot.SpringApplicationShutdownHook.closeAndWait(SpringApplicationShutdownHook.java:145)
	at java.base/java.lang.Iterable.forEach(Iterable.java:75)
	at org.springframework.boot.SpringApplicationShutdownHook.run(SpringApplicationShutdownHook.java:114)
	at java.base/java.lang.Thread.run(Thread.java:833)
Caused by: org.apache.hc.client5.http.HttpHostConnectException: Connect to http://localhost:8761 [localhost/127.0.0.1, localhost/0:0:0:0:0:0:0:1] failed: Connection refused: no further information
	at java.base/sun.nio.ch.Net.pollConnect(Native Method)
	at java.base/sun.nio.ch.Net.pollConnectNow(Net.java:672)
	at java.base/sun.nio.ch.NioSocketImpl.timedFinishConnect(NioSocketImpl.java:542)
	at java.base/sun.nio.ch.NioSocketImpl.connect(NioSocketImpl.java:597)
	at java.base/java.net.SocksSocketImpl.connect(SocksSocketImpl.java:327)
	at java.base/java.net.Socket.connect(Socket.java:633)
	at org.apache.hc.client5.http.socket.PlainConnectionSocketFactory.lambda$connectSocket$0(PlainConnectionSocketFactory.java:91)
	at java.base/java.security.AccessController.doPrivileged(AccessController.java:569)
	at org.apache.hc.client5.http.socket.PlainConnectionSocketFactory.connectSocket(PlainConnectionSocketFactory.java:90)
	at org.apache.hc.client5.http.socket.ConnectionSocketFactory.connectSocket(ConnectionSocketFactory.java:123)
	at org.apache.hc.client5.http.impl.io.DefaultHttpClientConnectionOperator.connect(DefaultHttpClientConnectionOperator.java:189)
	at org.apache.hc.client5.http.impl.io.PoolingHttpClientConnectionManager.connect(PoolingHttpClientConnectionManager.java:450)
	at org.apache.hc.client5.http.impl.classic.InternalExecRuntime.connectEndpoint(InternalExecRuntime.java:162)
	at org.apache.hc.client5.http.impl.classic.InternalExecRuntime.connectEndpoint(InternalExecRuntime.java:172)
	at org.apache.hc.client5.http.impl.classic.ConnectExec.execute(ConnectExec.java:142)
	at org.apache.hc.client5.http.impl.classic.ExecChainElement.execute(ExecChainElement.java:51)
	at org.apache.hc.client5.http.impl.classic.ProtocolExec.execute(ProtocolExec.java:192)
	at org.apache.hc.client5.http.impl.classic.ExecChainElement.execute(ExecChainElement.java:51)
	at org.apache.hc.client5.http.impl.classic.HttpRequestRetryExec.execute(HttpRequestRetryExec.java:113)
	at org.apache.hc.client5.http.impl.classic.ExecChainElement.execute(ExecChainElement.java:51)
	at org.apache.hc.client5.http.impl.classic.ContentCompressionExec.execute(ContentCompressionExec.java:152)
	at org.apache.hc.client5.http.impl.classic.ExecChainElement.execute(ExecChainElement.java:51)
	at org.apache.hc.client5.http.impl.classic.RedirectExec.execute(RedirectExec.java:116)
	at org.apache.hc.client5.http.impl.classic.ExecChainElement.execute(ExecChainElement.java:51)
	at org.apache.hc.client5.http.impl.classic.InternalHttpClient.doExecute(InternalHttpClient.java:170)
	at org.apache.hc.client5.http.impl.classic.CloseableHttpClient.execute(CloseableHttpClient.java:87)
	at org.apache.hc.client5.http.impl.classic.CloseableHttpClient.execute(CloseableHttpClient.java:55)
	at org.apache.hc.client5.http.classic.HttpClient.executeOpen(HttpClient.java:183)
	at org.springframework.http.client.HttpComponentsClientHttpRequest.executeInternal(HttpComponentsClientHttpRequest.java:99)
	at org.springframework.http.client.AbstractStreamingClientHttpRequest.executeInternal(AbstractStreamingClientHttpRequest.java:70)
	at org.springframework.http.client.AbstractClientHttpRequest.execute(AbstractClientHttpRequest.java:66)
	at org.springframework.http.client.InterceptingClientHttpRequest$InterceptingRequestExecution.execute(InterceptingClientHttpRequest.java:112)
	at org.springframework.cloud.netflix.eureka.http.RestTemplateTransportClientFactory.lambda$restTemplate$3(RestTemplateTransportClientFactory.java:170)
	at org.springframework.http.client.InterceptingClientHttpRequest$InterceptingRequestExecution.execute(InterceptingClientHttpRequest.java:88)
	at org.springframework.http.client.InterceptingClientHttpRequest.executeInternal(InterceptingClientHttpRequest.java:72)
	at org.springframework.http.client.AbstractBufferingClientHttpRequest.executeInternal(AbstractBufferingClientHttpRequest.java:48)
	at org.springframework.http.client.AbstractClientHttpRequest.execute(AbstractClientHttpRequest.java:66)
	at org.springframework.web.client.RestTemplate.doExecute(RestTemplate.java:889)
	... 40 more

2024-09-18 13:44:19 - Request execution failed with message: I/O error on DELETE request for "http://localhost:8761/eureka/apps/GATEWAY/localhost:gateway:8080": Connect to http://localhost:8761 [localhost/127.0.0.1, localhost/0:0:0:0:0:0:0:1] failed: Connection refused: no further information
2024-09-18 13:44:19 - DiscoveryClient_GATEWAY/localhost:gateway:8080 - de-registration failedCannot execute request on any known server
com.netflix.discovery.shared.transport.TransportException: Cannot execute request on any known server
	at com.netflix.discovery.shared.transport.decorator.RetryableEurekaHttpClient.execute(RetryableEurekaHttpClient.java:112)
	at com.netflix.discovery.shared.transport.decorator.EurekaHttpClientDecorator.cancel(EurekaHttpClientDecorator.java:71)
	at com.netflix.discovery.shared.transport.decorator.EurekaHttpClientDecorator$2.execute(EurekaHttpClientDecorator.java:74)
	at com.netflix.discovery.shared.transport.decorator.SessionedEurekaHttpClient.execute(SessionedEurekaHttpClient.java:76)
	at com.netflix.discovery.shared.transport.decorator.EurekaHttpClientDecorator.cancel(EurekaHttpClientDecorator.java:71)
	at com.netflix.discovery.DiscoveryClient.unregister(DiscoveryClient.java:919)
	at com.netflix.discovery.DiscoveryClient.shutdown(DiscoveryClient.java:900)
	at java.base/jdk.internal.reflect.NativeMethodAccessorImpl.invoke0(Native Method)
	at java.base/jdk.internal.reflect.NativeMethodAccessorImpl.invoke(NativeMethodAccessorImpl.java:77)
	at java.base/jdk.internal.reflect.DelegatingMethodAccessorImpl.invoke(DelegatingMethodAccessorImpl.java:43)
	at java.base/java.lang.reflect.Method.invoke(Method.java:568)
	at org.springframework.beans.factory.annotation.InitDestroyAnnotationBeanPostProcessor$LifecycleMethod.invoke(InitDestroyAnnotationBeanPostProcessor.java:457)
	at org.springframework.beans.factory.annotation.InitDestroyAnnotationBeanPostProcessor$LifecycleMetadata.invokeDestroyMethods(InitDestroyAnnotationBeanPostProcessor.java:415)
	at org.springframework.beans.factory.annotation.InitDestroyAnnotationBeanPostProcessor.postProcessBeforeDestruction(InitDestroyAnnotationBeanPostProcessor.java:239)
	at org.springframework.beans.factory.support.DisposableBeanAdapter.destroy(DisposableBeanAdapter.java:202)
	at org.springframework.beans.factory.support.DisposableBeanAdapter.run(DisposableBeanAdapter.java:195)
	at org.springframework.cloud.context.scope.GenericScope$BeanLifecycleWrapper.destroy(GenericScope.java:389)
	at org.springframework.cloud.context.scope.GenericScope.destroy(GenericScope.java:136)
	at org.springframework.beans.factory.support.DisposableBeanAdapter.destroy(DisposableBeanAdapter.java:211)
	at org.springframework.beans.factory.support.DefaultSingletonBeanRegistry.destroyBean(DefaultSingletonBeanRegistry.java:587)
	at org.springframework.beans.factory.support.DefaultSingletonBeanRegistry.destroySingleton(DefaultSingletonBeanRegistry.java:559)
	at org.springframework.beans.factory.support.DefaultListableBeanFactory.destroySingleton(DefaultListableBeanFactory.java:1202)
	at org.springframework.beans.factory.support.DefaultSingletonBeanRegistry.destroySingletons(DefaultSingletonBeanRegistry.java:520)
	at org.springframework.beans.factory.support.DefaultListableBeanFactory.destroySingletons(DefaultListableBeanFactory.java:1195)
	at org.springframework.context.support.AbstractApplicationContext.destroyBeans(AbstractApplicationContext.java:1195)
	at org.springframework.context.support.AbstractApplicationContext.doClose(AbstractApplicationContext.java:1156)
	at org.springframework.boot.web.reactive.context.ReactiveWebServerApplicationContext.doClose(ReactiveWebServerApplicationContext.java:149)
	at org.springframework.context.support.AbstractApplicationContext.close(AbstractApplicationContext.java:1102)
	at org.springframework.boot.SpringApplicationShutdownHook.closeAndWait(SpringApplicationShutdownHook.java:145)
	at java.base/java.lang.Iterable.forEach(Iterable.java:75)
	at org.springframework.boot.SpringApplicationShutdownHook.run(SpringApplicationShutdownHook.java:114)
	at java.base/java.lang.Thread.run(Thread.java:833)
2024-09-18 13:44:19 - Completed shut down of DiscoveryClient
